Traceback (most recent call last):
  File "/opt/homebrew/lib/python3.10/site-packages/jupyter_cache/executors/utils.py", line 58, in single_nb_execution
    executenb(
  File "/opt/homebrew/lib/python3.10/site-packages/nbclient/client.py", line 1265, in execute
    return NotebookClient(nb=nb, resources=resources, km=km, **kwargs).execute()
  File "/opt/homebrew/lib/python3.10/site-packages/jupyter_core/utils/__init__.py", line 166, in wrapped
    return loop.run_until_complete(inner)
  File "/opt/homebrew/Cellar/python@3.10/3.10.6_1/Frameworks/Python.framework/Versions/3.10/lib/python3.10/asyncio/base_events.py", line 646, in run_until_complete
    return future.result()
  File "/opt/homebrew/lib/python3.10/site-packages/nbclient/client.py", line 703, in async_execute
    await self.async_execute_cell(
  File "/opt/homebrew/lib/python3.10/site-packages/nbclient/client.py", line 1021, in async_execute_cell
    await self._check_raise_for_error(cell, cell_index, exec_reply)
  File "/opt/homebrew/lib/python3.10/site-packages/nbclient/client.py", line 915, in _check_raise_for_error
    raise CellExecutionError.from_cell_and_msg(cell, exec_reply_content)
nbclient.exceptions.CellExecutionError: An error occurred while executing the following cell:
------------------
df = pd.read_parquet('../data/SO_2_0.pq.gz')
df.head()
------------------

[0;31m---------------------------------------------------------------------------[0m
[0;31mFileNotFoundError[0m                         Traceback (most recent call last)
Cell [0;32mIn[2], line 1[0m
[0;32m----> 1[0m df [38;5;241m=[39m [43mpd[49m[38;5;241;43m.[39;49m[43mread_parquet[49m[43m([49m[38;5;124;43m'[39;49m[38;5;124;43m../data/SO_2_0.pq.gz[39;49m[38;5;124;43m'[39;49m[43m)[49m
[1;32m      2[0m df[38;5;241m.[39mhead()

File [0;32m/opt/homebrew/lib/python3.10/site-packages/pandas/io/parquet.py:509[0m, in [0;36mread_parquet[0;34m(path, engine, columns, storage_options, use_nullable_dtypes, dtype_backend, **kwargs)[0m
[1;32m    506[0m     use_nullable_dtypes [38;5;241m=[39m [38;5;28;01mFalse[39;00m
[1;32m    507[0m check_dtype_backend(dtype_backend)
[0;32m--> 509[0m [38;5;28;01mreturn[39;00m [43mimpl[49m[38;5;241;43m.[39;49m[43mread[49m[43m([49m
[1;32m    510[0m [43m    [49m[43mpath[49m[43m,[49m
[1;32m    511[0m [43m    [49m[43mcolumns[49m[38;5;241;43m=[39;49m[43mcolumns[49m[43m,[49m
[1;32m    512[0m [43m    [49m[43mstorage_options[49m[38;5;241;43m=[39;49m[43mstorage_options[49m[43m,[49m
[1;32m    513[0m [43m    [49m[43muse_nullable_dtypes[49m[38;5;241;43m=[39;49m[43muse_nullable_dtypes[49m[43m,[49m
[1;32m    514[0m [43m    [49m[43mdtype_backend[49m[38;5;241;43m=[39;49m[43mdtype_backend[49m[43m,[49m
[1;32m    515[0m [43m    [49m[38;5;241;43m*[39;49m[38;5;241;43m*[39;49m[43mkwargs[49m[43m,[49m
[1;32m    516[0m [43m[49m[43m)[49m

File [0;32m/opt/homebrew/lib/python3.10/site-packages/pandas/io/parquet.py:220[0m, in [0;36mPyArrowImpl.read[0;34m(self, path, columns, use_nullable_dtypes, dtype_backend, storage_options, **kwargs)[0m
[1;32m    217[0m [38;5;28;01mif[39;00m manager [38;5;241m==[39m [38;5;124m"[39m[38;5;124marray[39m[38;5;124m"[39m:
[1;32m    218[0m     to_pandas_kwargs[[38;5;124m"[39m[38;5;124msplit_blocks[39m[38;5;124m"[39m] [38;5;241m=[39m [38;5;28;01mTrue[39;00m  [38;5;66;03m# type: ignore[assignment][39;00m
[0;32m--> 220[0m path_or_handle, handles, kwargs[[38;5;124m"[39m[38;5;124mfilesystem[39m[38;5;124m"[39m] [38;5;241m=[39m [43m_get_path_or_handle[49m[43m([49m
[1;32m    221[0m [43m    [49m[43mpath[49m[43m,[49m
[1;32m    222[0m [43m    [49m[43mkwargs[49m[38;5;241;43m.[39;49m[43mpop[49m[43m([49m[38;5;124;43m"[39;49m[38;5;124;43mfilesystem[39;49m[38;5;124;43m"[39;49m[43m,[49m[43m [49m[38;5;28;43;01mNone[39;49;00m[43m)[49m[43m,[49m
[1;32m    223[0m [43m    [49m[43mstorage_options[49m[38;5;241;43m=[39;49m[43mstorage_options[49m[43m,[49m
[1;32m    224[0m [43m    [49m[43mmode[49m[38;5;241;43m=[39;49m[38;5;124;43m"[39;49m[38;5;124;43mrb[39;49m[38;5;124;43m"[39;49m[43m,[49m
[1;32m    225[0m [43m[49m[43m)[49m
[1;32m    226[0m [38;5;28;01mtry[39;00m:
[1;32m    227[0m     pa_table [38;5;241m=[39m [38;5;28mself[39m[38;5;241m.[39mapi[38;5;241m.[39mparquet[38;5;241m.[39mread_table(
[1;32m    228[0m         path_or_handle, columns[38;5;241m=[39mcolumns, [38;5;241m*[39m[38;5;241m*[39mkwargs
[1;32m    229[0m     )

File [0;32m/opt/homebrew/lib/python3.10/site-packages/pandas/io/parquet.py:110[0m, in [0;36m_get_path_or_handle[0;34m(path, fs, storage_options, mode, is_dir)[0m
[1;32m    100[0m handles [38;5;241m=[39m [38;5;28;01mNone[39;00m
[1;32m    101[0m [38;5;28;01mif[39;00m (
[1;32m    102[0m     [38;5;129;01mnot[39;00m fs
[1;32m    103[0m     [38;5;129;01mand[39;00m [38;5;129;01mnot[39;00m is_dir
[0;32m   (...)[0m
[1;32m    108[0m     [38;5;66;03m# fsspec resources can also point to directories[39;00m
[1;32m    109[0m     [38;5;66;03m# this branch is used for example when reading from non-fsspec URLs[39;00m
[0;32m--> 110[0m     handles [38;5;241m=[39m [43mget_handle[49m[43m([49m
[1;32m    111[0m [43m        [49m[43mpath_or_handle[49m[43m,[49m[43m [49m[43mmode[49m[43m,[49m[43m [49m[43mis_text[49m[38;5;241;43m=[39;49m[38;5;28;43;01mFalse[39;49;00m[43m,[49m[43m [49m[43mstorage_options[49m[38;5;241;43m=[39;49m[43mstorage_options[49m
[1;32m    112[0m [43m    [49m[43m)[49m
[1;32m    113[0m     fs [38;5;241m=[39m [38;5;28;01mNone[39;00m
[1;32m    114[0m     path_or_handle [38;5;241m=[39m handles[38;5;241m.[39mhandle

File [0;32m/opt/homebrew/lib/python3.10/site-packages/pandas/io/common.py:868[0m, in [0;36mget_handle[0;34m(path_or_buf, mode, encoding, compression, memory_map, is_text, errors, storage_options)[0m
[1;32m    859[0m         handle [38;5;241m=[39m [38;5;28mopen[39m(
[1;32m    860[0m             handle,
[1;32m    861[0m             ioargs[38;5;241m.[39mmode,
[0;32m   (...)[0m
[1;32m    864[0m             newline[38;5;241m=[39m[38;5;124m"[39m[38;5;124m"[39m,
[1;32m    865[0m         )
[1;32m    866[0m     [38;5;28;01melse[39;00m:
[1;32m    867[0m         [38;5;66;03m# Binary mode[39;00m
[0;32m--> 868[0m         handle [38;5;241m=[39m [38;5;28;43mopen[39;49m[43m([49m[43mhandle[49m[43m,[49m[43m [49m[43mioargs[49m[38;5;241;43m.[39;49m[43mmode[49m[43m)[49m
[1;32m    869[0m     handles[38;5;241m.[39mappend(handle)
[1;32m    871[0m [38;5;66;03m# Convert BytesIO or file objects passed with an encoding[39;00m

[0;31mFileNotFoundError[0m: [Errno 2] No such file or directory: '../data/SO_2_0.pq.gz'
FileNotFoundError: [Errno 2] No such file or directory: '../data/SO_2_0.pq.gz'

